<?xml version="1.0" encoding="UTF-8"?>
<testsuite name="calculator.CalculatorTest" tests="4" skipped="0" failures="0" errors="0" timestamp="2022-05-17T07:10:48" hostname="HWANGJIHUNui-MacBookAir.local" time="0.073">
  <properties/>
  <testcase name="+연산자는 좌우 숫자를 계산한다" classname="calculator.CalculatorTest" time="0.028"/>
  <testcase name="3개 이상의 숫자도 계산한다" classname="calculator.CalculatorTest" time="0.002"/>
  <testcase name="Null 입력 시 IllegalArgumentException가 발생한다" classname="calculator.CalculatorTest" time="0.003"/>
  <testcase name="test" classname="calculator.CalculatorTest" time="0.026"/>
  <system-out><![CDATA[=============================
false
[Book(name=name1, writer=writer1, price=12000), Book(name=name2, writer=writer2, price=21000), Book(name=name3, writer=writer3, price=31000), Book(name=name4, writer=writer4, price=28000), Book(name=name4, writer=writer5, price=23000)]
]]></system-out>
  <system-err><![CDATA[]]></system-err>
</testsuite>
